<?xml version="1.0" encoding="UTF-8"?>
<!-- Generated by org.testng.reporters.JUnitReportReporter -->
<testsuite hostname="Vrunda" failures="0" tests="3" name="com.nopcommerce.demo.testsuite.RegisterPageTest" time="78.377" errors="0" timestamp="2024-06-16T19:33:34 BST" skipped="0">
  <testcase classname="com.nopcommerce.demo.testsuite.RegisterPageTest" name="verifyThatFirstNameLastNameEmailPasswordAndConfirmPasswordFieldsAreMandatory" time="5.938">
    <system-out>
      <![CDATA[Clicking on register link [[ChromeDriver: chrome on windows (2d035b3097ad0efd3a5d945af0031055)] -> xpath: //a[normalize-space()='Register']]
Click on register button [[ChromeDriver: chrome on windows (2d035b3097ad0efd3a5d945af0031055)] -> xpath: //button[@id='register-button']]
Get text from first name error message [[ChromeDriver: chrome on windows (2d035b3097ad0efd3a5d945af0031055)] -> xpath: //span[@id='FirstName-error']]
Get text from last name [[ChromeDriver: chrome on windows (2d035b3097ad0efd3a5d945af0031055)] -> xpath: //span[@id='LastName-error']]
Get text from email id error message [[ChromeDriver: chrome on windows (2d035b3097ad0efd3a5d945af0031055)] -> xpath: //span[@id='Email-error']]
Get text from password error message [[ChromeDriver: chrome on windows (2d035b3097ad0efd3a5d945af0031055)] -> xpath: //span[@id='ConfirmPassword-error']]
Get text from confirm password error message [[ChromeDriver: chrome on windows (2d035b3097ad0efd3a5d945af0031055)] -> xpath: //span[@id='ConfirmPassword-error']]]]>
    </system-out>
  </testcase> <!-- verifyThatFirstNameLastNameEmailPasswordAndConfirmPasswordFieldsAreMandatory -->
  <testcase classname="com.nopcommerce.demo.testsuite.RegisterPageTest" name="verifyUserShouldNavigateToRegisterPageSuccessfully" time="2.496">
    <system-out>
      <![CDATA[Clicking on register link [[ChromeDriver: chrome on windows (9065638abf78efe3e32bad6cd4a8543d)] -> xpath: //a[normalize-space()='Register']]
Get text from welcome text [[ChromeDriver: chrome on windows (9065638abf78efe3e32bad6cd4a8543d)] -> xpath: //h1[normalize-space()='Register']]]]>
    </system-out>
  </testcase> <!-- verifyUserShouldNavigateToRegisterPageSuccessfully -->
  <testcase classname="com.nopcommerce.demo.testsuite.RegisterPageTest" name="verifyThatUserShouldCreateAccountSuccessfully" time="69.943">
    <system-out>
      <![CDATA[Clicking on register link [[ChromeDriver: chrome on windows (a8c3cadaa7860b99bb2bbe3cc6392852)] -> xpath: //a[normalize-space()='Register']]
Click on gender female [[ChromeDriver: chrome on windows (a8c3cadaa7860b99bb2bbe3cc6392852)] -> xpath: //input[@id='gender-female']]
Enter first name abcto first name field [[ChromeDriver: chrome on windows (a8c3cadaa7860b99bb2bbe3cc6392852)] -> id: FirstName]
Enter last name Proxy element for: DefaultElementLocator 'By.xpath: //span[@id='ConfirmPassword-error']'to last name field [[ChromeDriver: chrome on windows (a8c3cadaa7860b99bb2bbe3cc6392852)] -> id: LastName]
Enter day 4from dropdown list[[ChromeDriver: chrome on windows (a8c3cadaa7860b99bb2bbe3cc6392852)] -> xpath: //select[@name='DateOfBirthDay']]
Enter month 4from dropdown list[[ChromeDriver: chrome on windows (a8c3cadaa7860b99bb2bbe3cc6392852)] -> xpath: //select[@name='DateOfBirthMonth']]
Enter year 1944from dropdown list[[ChromeDriver: chrome on windows (a8c3cadaa7860b99bb2bbe3cc6392852)] -> xpath: //select[@name='DateOfBirthYear']]
Enter email Proxy element for: DefaultElementLocator 'By.xpath: //span[@id='ConfirmPassword-error']'to email field [[ChromeDriver: chrome on windows (a8c3cadaa7860b99bb2bbe3cc6392852)] -> name: Email]
Enter password 123456to password field [[ChromeDriver: chrome on windows (a8c3cadaa7860b99bb2bbe3cc6392852)] -> id: Password]
Enter confirm password Proxy element for: DefaultElementLocator 'By.xpath: //span[@id='ConfirmPassword-error']'to password field [[ChromeDriver: chrome on windows (a8c3cadaa7860b99bb2bbe3cc6392852)] -> id: ConfirmPassword]
Click on register button [[ChromeDriver: chrome on windows (a8c3cadaa7860b99bb2bbe3cc6392852)] -> xpath: //button[@id='register-button']]
Get text from registration success message [[ChromeDriver: chrome on windows (a8c3cadaa7860b99bb2bbe3cc6392852)] -> id: ConfirmPassword]]]>
    </system-out>
  </testcase> <!-- verifyThatUserShouldCreateAccountSuccessfully -->
  <system-out>
    <![CDATA[Clicking on login link [[ChromeDriver: chrome on windows (52a31281252fb9d87596b94394aa9006)] -> link text: Log in]
Get text from welcome text [[ChromeDriver: chrome on windows (52a31281252fb9d87596b94394aa9006)] -> xpath: //h1[contains(text(),'Welcome, Please Sign In!')]]
Clicking on login link [[ChromeDriver: chrome on windows (7b7ba28fa701bd108687c4bf35e33b66)] -> link text: Log in]
Enter email abc@gmail.comto email field [[ChromeDriver: chrome on windows (7b7ba28fa701bd108687c4bf35e33b66)] -> id: Email]
Enter password abc12345to password field [[ChromeDriver: chrome on windows (7b7ba28fa701bd108687c4bf35e33b66)] -> name: Password]
Click on login button [[ChromeDriver: chrome on windows (7b7ba28fa701bd108687c4bf35e33b66)] -> xpath: //button[contains(text(),'Log in')]]
Clicking on login link [[ChromeDriver: chrome on windows (14f3c4fb94ea1138083e01403282017f)] -> link text: Log in]
Enter email abc@gmail.comto email field [[ChromeDriver: chrome on windows (14f3c4fb94ea1138083e01403282017f)] -> id: Email]
Enter password abc12345to password field [[ChromeDriver: chrome on windows (14f3c4fb94ea1138083e01403282017f)] -> name: Password]
Click on login button [[ChromeDriver: chrome on windows (14f3c4fb94ea1138083e01403282017f)] -> xpath: //button[contains(text(),'Log in')]]
Clicking on login link [[ChromeDriver: chrome on windows (4f8bff1c52ea0dfe6bbdb35d55dd807a)] -> link text: Log in]
Enter email axc@gmail.comto email field [[ChromeDriver: chrome on windows (4f8bff1c52ea0dfe6bbdb35d55dd807a)] -> id: Email]
Enter password abc12345to password field [[ChromeDriver: chrome on windows (4f8bff1c52ea0dfe6bbdb35d55dd807a)] -> name: Password]
Click on login button [[ChromeDriver: chrome on windows (4f8bff1c52ea0dfe6bbdb35d55dd807a)] -> xpath: //button[contains(text(),'Log in')]]
Get text from error message [[ChromeDriver: chrome on windows (4f8bff1c52ea0dfe6bbdb35d55dd807a)] -> xpath: //div[@class='message-error validation-summary-errors']]
Clicking on register link [[ChromeDriver: chrome on windows (2d035b3097ad0efd3a5d945af0031055)] -> xpath: //a[normalize-space()='Register']]
Click on register button [[ChromeDriver: chrome on windows (2d035b3097ad0efd3a5d945af0031055)] -> xpath: //button[@id='register-button']]
Get text from first name error message [[ChromeDriver: chrome on windows (2d035b3097ad0efd3a5d945af0031055)] -> xpath: //span[@id='FirstName-error']]
Get text from last name [[ChromeDriver: chrome on windows (2d035b3097ad0efd3a5d945af0031055)] -> xpath: //span[@id='LastName-error']]
Get text from email id error message [[ChromeDriver: chrome on windows (2d035b3097ad0efd3a5d945af0031055)] -> xpath: //span[@id='Email-error']]
Get text from password error message [[ChromeDriver: chrome on windows (2d035b3097ad0efd3a5d945af0031055)] -> xpath: //span[@id='ConfirmPassword-error']]
Get text from confirm password error message [[ChromeDriver: chrome on windows (2d035b3097ad0efd3a5d945af0031055)] -> xpath: //span[@id='ConfirmPassword-error']]
Clicking on register link [[ChromeDriver: chrome on windows (a8c3cadaa7860b99bb2bbe3cc6392852)] -> xpath: //a[normalize-space()='Register']]
Click on gender female [[ChromeDriver: chrome on windows (a8c3cadaa7860b99bb2bbe3cc6392852)] -> xpath: //input[@id='gender-female']]
Enter first name abcto first name field [[ChromeDriver: chrome on windows (a8c3cadaa7860b99bb2bbe3cc6392852)] -> id: FirstName]
Enter last name Proxy element for: DefaultElementLocator 'By.xpath: //span[@id='ConfirmPassword-error']'to last name field [[ChromeDriver: chrome on windows (a8c3cadaa7860b99bb2bbe3cc6392852)] -> id: LastName]
Enter day 4from dropdown list[[ChromeDriver: chrome on windows (a8c3cadaa7860b99bb2bbe3cc6392852)] -> xpath: //select[@name='DateOfBirthDay']]
Enter month 4from dropdown list[[ChromeDriver: chrome on windows (a8c3cadaa7860b99bb2bbe3cc6392852)] -> xpath: //select[@name='DateOfBirthMonth']]
Enter year 1944from dropdown list[[ChromeDriver: chrome on windows (a8c3cadaa7860b99bb2bbe3cc6392852)] -> xpath: //select[@name='DateOfBirthYear']]
Enter email Proxy element for: DefaultElementLocator 'By.xpath: //span[@id='ConfirmPassword-error']'to email field [[ChromeDriver: chrome on windows (a8c3cadaa7860b99bb2bbe3cc6392852)] -> name: Email]
Enter password 123456to password field [[ChromeDriver: chrome on windows (a8c3cadaa7860b99bb2bbe3cc6392852)] -> id: Password]
Enter confirm password Proxy element for: DefaultElementLocator 'By.xpath: //span[@id='ConfirmPassword-error']'to password field [[ChromeDriver: chrome on windows (a8c3cadaa7860b99bb2bbe3cc6392852)] -> id: ConfirmPassword]
Click on register button [[ChromeDriver: chrome on windows (a8c3cadaa7860b99bb2bbe3cc6392852)] -> xpath: //button[@id='register-button']]
Get text from registration success message [[ChromeDriver: chrome on windows (a8c3cadaa7860b99bb2bbe3cc6392852)] -> id: ConfirmPassword]
Clicking on register link [[ChromeDriver: chrome on windows (9065638abf78efe3e32bad6cd4a8543d)] -> xpath: //a[normalize-space()='Register']]
Get text from welcome text [[ChromeDriver: chrome on windows (9065638abf78efe3e32bad6cd4a8543d)] -> xpath: //h1[normalize-space()='Register']]
Click on computers menu link [[ChromeDriver: chrome on windows (9eaa559114091d0a9ad9e444bec45396)] -> xpath: //ul[@class='top-menu notmobile']//a[normalize-space()='Computers']]
Click on desktops link [[ChromeDriver: chrome on windows (9eaa559114091d0a9ad9e444bec45396)] -> xpath: //li[@class='inactive']//a[normalize-space()='Desktops']]
Click on product name [[ChromeDriver: chrome on windows (9eaa559114091d0a9ad9e444bec45396)] -> xpath: //h2[@class='product-title']/a]
Get value of processor: 2.2 GHz Intel Pentium Dual-Core E2200from dropdown [[ChromeDriver: chrome on windows (9eaa559114091d0a9ad9e444bec45396)] -> xpath: //select[@id='product_attribute_1']]
Get value of ram: 2 GBfrom dropdown [[ChromeDriver: chrome on windows (9eaa559114091d0a9ad9e444bec45396)] -> xpath: //select[@id='product_attribute_2']]
Click on HDD [[ChromeDriver: chrome on windows (9eaa559114091d0a9ad9e444bec45396)] -> xpath: //input[@id='product_attribute_3_7']]
Click on OS [[ChromeDriver: chrome on windows (9eaa559114091d0a9ad9e444bec45396)] -> xpath: //input[@id='product_attribute_4_9']]
Click on software checkbox number three [[ChromeDriver: chrome on windows (9eaa559114091d0a9ad9e444bec45396)] -> xpath: //input[@id='product_attribute_5_12']]
Click on add to cart button [[ChromeDriver: chrome on windows (9eaa559114091d0a9ad9e444bec45396)] -> id: add-to-cart-button-1]
Get text from product added success message [[ChromeDriver: chrome on windows (9eaa559114091d0a9ad9e444bec45396)] -> xpath: //p[@class='content']]
Click on computers menu link [[ChromeDriver: chrome on windows (88df6c3c544a3b7c3eeec91b8448ecec)] -> xpath: //ul[@class='top-menu notmobile']//a[normalize-space()='Computers']]
Click on desktops link [[ChromeDriver: chrome on windows (88df6c3c544a3b7c3eeec91b8448ecec)] -> xpath: //li[@class='inactive']//a[normalize-space()='Desktops']]
Click on product name [[ChromeDriver: chrome on windows (88df6c3c544a3b7c3eeec91b8448ecec)] -> xpath: //h2[@class='product-title']/a]
Get value of processor: 2.5 GHz Intel Pentium Dual-Core E2200 [+$15.00]from dropdown [[ChromeDriver: chrome on windows (88df6c3c544a3b7c3eeec91b8448ecec)] -> xpath: //select[@id='product_attribute_1']]
Get value of ram: 4GB [+$20.00]from dropdown [[ChromeDriver: chrome on windows (88df6c3c544a3b7c3eeec91b8448ecec)] -> xpath: //select[@id='product_attribute_2']]
Click on HDD [[ChromeDriver: chrome on windows (88df6c3c544a3b7c3eeec91b8448ecec)] -> xpath: //input[@id='product_attribute_3_7']]
Click on OS [[ChromeDriver: chrome on windows (88df6c3c544a3b7c3eeec91b8448ecec)] -> xpath: //input[@id='product_attribute_4_9']]
Click on software checkbox number three [[ChromeDriver: chrome on windows (88df6c3c544a3b7c3eeec91b8448ecec)] -> xpath: //input[@id='product_attribute_5_12']]
Click on add to cart button [[ChromeDriver: chrome on windows (88df6c3c544a3b7c3eeec91b8448ecec)] -> id: add-to-cart-button-1]
Get text from product added success message [[ChromeDriver: chrome on windows (88df6c3c544a3b7c3eeec91b8448ecec)] -> xpath: //p[@class='content']]
Click on computers menu link [[ChromeDriver: chrome on windows (7ba0f37be895cf38f94ba8eaf3214b95)] -> xpath: //ul[@class='top-menu notmobile']//a[normalize-space()='Computers']]
Click on desktops link [[ChromeDriver: chrome on windows (7ba0f37be895cf38f94ba8eaf3214b95)] -> xpath: //li[@class='inactive']//a[normalize-space()='Desktops']]
Click on product name [[ChromeDriver: chrome on windows (7ba0f37be895cf38f94ba8eaf3214b95)] -> xpath: //h2[@class='product-title']/a]
Get value of processor: 2.5 GHz Intel Pentium Dual-Core E2200 [+$15.00]from dropdown [[ChromeDriver: chrome on windows (7ba0f37be895cf38f94ba8eaf3214b95)] -> xpath: //select[@id='product_attribute_1']]
Get value of ram: 8GB [+$60.00]from dropdown [[ChromeDriver: chrome on windows (7ba0f37be895cf38f94ba8eaf3214b95)] -> xpath: //select[@id='product_attribute_2']]
Click on HDD [[ChromeDriver: chrome on windows (7ba0f37be895cf38f94ba8eaf3214b95)] -> xpath: //input[@id='product_attribute_3_7']]
Click on OS [[ChromeDriver: chrome on windows (7ba0f37be895cf38f94ba8eaf3214b95)] -> xpath: //input[@id='product_attribute_4_9']]
Click on software checkbox number three [[ChromeDriver: chrome on windows (7ba0f37be895cf38f94ba8eaf3214b95)] -> xpath: //input[@id='product_attribute_5_12']]
Click on add to cart button [[ChromeDriver: chrome on windows (7ba0f37be895cf38f94ba8eaf3214b95)] -> id: add-to-cart-button-1]
Get text from product added success message [[ChromeDriver: chrome on windows (7ba0f37be895cf38f94ba8eaf3214b95)] -> xpath: //p[@class='content']]
Click on computers menu link [[ChromeDriver: chrome on windows (c772b18644d025909256f2c4a08a949a)] -> xpath: //ul[@class='top-menu notmobile']//a[normalize-space()='Computers']]
Get title text for computers page [[ChromeDriver: chrome on windows (c772b18644d025909256f2c4a08a949a)] -> xpath: //h1[normalize-space()='Computers']]
Click on computers menu link [[ChromeDriver: chrome on windows (0162a9be964144dd837da6a6c5a46e9b)] -> xpath: //ul[@class='top-menu notmobile']//a[normalize-space()='Computers']]
Click on desktops link [[ChromeDriver: chrome on windows (0162a9be964144dd837da6a6c5a46e9b)] -> xpath: //li[@class='inactive']//a[normalize-space()='Desktops']]
Get title text for desktops page [[ChromeDriver: chrome on windows (0162a9be964144dd837da6a6c5a46e9b)] -> xpath: //h1[normalize-space()='Desktops']]]]>
  </system-out>
</testsuite> <!-- com.nopcommerce.demo.testsuite.RegisterPageTest -->
